<?xml version="1.0" encoding="UTF-8"?>
<testsuite xmlns:xsi="http://www.w3.org/2001/XMLSchema-instance" xsi:noNamespaceSchemaLocation="https://maven.apache.org/surefire/maven-surefire-plugin/xsd/surefire-test-report.xsd" version="3.0.2" name="utez.edu.mx.basicauth8c.BasicAuth8CApplicationTests" time="15.052" tests="1" errors="0" skipped="0" failures="0">
  <properties>
[...]
</properties>
  <testcase name="contextLoads" classname="utez.edu.mx.basicauth8c.BasicAuth8CApplicationTests" time="1.071">
    <system-out><![CDATA[20:49:40.574 [main] INFO org.springframework.test.context.support.AnnotationConfigContextLoaderUtils -- Could not detect default configuration classes for test class [utez.edu.mx.basicauth8c.BasicAuth8CApplicationTests]: BasicAuth8CApplicationTests does not declare any static, non-private, non-final, nested classes annotated with @Configuration.
20:49:40.880 [main] INFO org.springframework.boot.test.context.SpringBootTestContextBootstrapper -- Found @SpringBootConfiguration utez.edu.mx.basicauth8c.BasicAuth8CApplication for test class utez.edu.mx.basicauth8c.BasicAuth8CApplicationTests

  .   ____          _            __ _ _
 /\\ / ___'_ __ _ _(_)_ __  __ _ \ \ \ \
( ( )\___ | '_ | '_| | '_ \/ _` | \ \ \ \
 \\/  ___)| |_)| | | | | || (_| |  ) ) ) )
  '  |____| .__|_| |_|_| |_\__, | / / / /
 =========|_|==============|___/=/_/_/_/

 :: Spring Boot ::                (v3.4.3)

2025-03-24T20:49:42.018-06:00  INFO 9800 --- [basicAuth8C] [           main] u.e.m.b.BasicAuth8CApplicationTests      : Starting BasicAuth8CApplicationTests using Java 23.0.2 with PID 9800 (started by VIKO in C:\Users\VIKO\OneDrive\Escritorio\ING\InteSeguridad\backSeguridadInte\basicAuth8C)
2025-03-24T20:49:42.021-06:00  INFO 9800 --- [basicAuth8C] [           main] u.e.m.b.BasicAuth8CApplicationTests      : No active profile set, falling back to 1 default profile: "default"
2025-03-24T20:49:44.327-06:00  INFO 9800 --- [basicAuth8C] [           main] .s.d.r.c.RepositoryConfigurationDelegate : Bootstrapping Spring Data JPA repositories in DEFAULT mode.
2025-03-24T20:49:44.515-06:00  INFO 9800 --- [basicAuth8C] [           main] .s.d.r.c.RepositoryConfigurationDelegate : Finished Spring Data repository scanning in 151 ms. Found 5 JPA repository interfaces.
2025-03-24T20:49:45.850-06:00  INFO 9800 --- [basicAuth8C] [           main] o.hibernate.jpa.internal.util.LogHelper  : HHH000204: Processing PersistenceUnitInfo [name: default]
2025-03-24T20:49:45.992-06:00  INFO 9800 --- [basicAuth8C] [           main] org.hibernate.Version                    : HHH000412: Hibernate ORM core version 6.6.8.Final
2025-03-24T20:49:46.071-06:00  INFO 9800 --- [basicAuth8C] [           main] o.h.c.internal.RegionFactoryInitiator    : HHH000026: Second-level cache disabled
2025-03-24T20:49:46.826-06:00  INFO 9800 --- [basicAuth8C] [           main] o.s.o.j.p.SpringPersistenceUnitInfo      : No LoadTimeWeaver setup: ignoring JPA class transformer
2025-03-24T20:49:47.918-06:00  INFO 9800 --- [basicAuth8C] [           main] org.hibernate.orm.connections.pooling    : HHH10001005: Database info:
	Database JDBC URL [Connecting through datasource 'org.springframework.jdbc.datasource.DriverManagerDataSource@75b38c36']
	Database driver: undefined/unknown
	Database version: 8.0.33
	Autocommit mode: undefined/unknown
	Isolation level: undefined/unknown
	Minimum pool size: undefined/unknown
	Maximum pool size: undefined/unknown
2025-03-24T20:49:49.689-06:00  INFO 9800 --- [basicAuth8C] [           main] o.h.e.t.j.p.i.JtaPlatformInitiator       : HHH000489: No JTA platform available (set 'hibernate.transaction.jta.platform' to enable JTA platform integration)
2025-03-24T20:49:49.964-06:00  INFO 9800 --- [basicAuth8C] [           main] j.LocalContainerEntityManagerFactoryBean : Initialized JPA EntityManagerFactory for persistence unit 'default'
2025-03-24T20:49:50.801-06:00  INFO 9800 --- [basicAuth8C] [           main] o.s.d.j.r.query.QueryEnhancerFactory     : Hibernate is in classpath; If applicable, HQL parser will be used.
2025-03-24T20:49:51.283-06:00  INFO 9800 --- [basicAuth8C] [           main] eAuthenticationProviderManagerConfigurer : Global AuthenticationManager configured with AuthenticationProvider bean with name authenticationProvider
2025-03-24T20:49:51.284-06:00  WARN 9800 --- [basicAuth8C] [           main] r$InitializeUserDetailsManagerConfigurer : Global AuthenticationManager configured with an AuthenticationProvider bean. UserDetailsService beans will not be used by Spring Security for automatically configuring username/password login. Consider removing the AuthenticationProvider bean. Alternatively, consider using the UserDetailsService in a manually instantiated DaoAuthenticationProvider. If the current configuration is intentional, to turn off this warning, increase the logging level of 'org.springframework.security.config.annotation.authentication.configuration.InitializeUserDetailsBeanManagerConfigurer' to ERROR
2025-03-24T20:49:51.395-06:00  WARN 9800 --- [basicAuth8C] [           main] JpaBaseConfiguration$JpaWebConfiguration : spring.jpa.open-in-view is enabled by default. Therefore, database queries may be performed during view rendering. Explicitly configure spring.jpa.open-in-view to disable this warning
2025-03-24T20:49:53.247-06:00  INFO 9800 --- [basicAuth8C] [           main] u.e.m.b.BasicAuth8CApplicationTests      : Started BasicAuth8CApplicationTests in 11.992 seconds (process running for 14.312)
Hibernate: select r1_0.id,r1_0.nombre from roles r1_0 where r1_0.nombre=?
Hibernate: select r1_0.id,r1_0.nombre from roles r1_0 where r1_0.nombre=?
Hibernate: SELECT * FROM user WHERE username= ?
Hibernate: SELECT * FROM user WHERE username= ?
Hibernate: select c1_0.id,c1_0.nombre from categoria c1_0 where c1_0.nombre=?
Hibernate: select a1_0.id,a1_0.categoria_id,a1_0.descripcion,a1_0.nombre from articulo a1_0 where a1_0.nombre=?
Hibernate: select a1_0.id,a1_0.categoria_id,a1_0.descripcion,a1_0.nombre from articulo a1_0 where a1_0.nombre=?
Hibernate: select a1_0.id,a1_0.categoria_id,a1_0.descripcion,a1_0.nombre from articulo a1_0 where a1_0.nombre=?
Hibernate: select a1_0.id,a1_0.categoria_id,a1_0.encargado_id,a1_0.identificador from almacen a1_0 where a1_0.identificador=?
Hibernate: select a1_0.almacen_id,a1_1.id,a1_1.categoria_id,c1_0.id,c1_0.nombre,a1_1.descripcion,a1_1.nombre from alamacen_articulos a1_0 join articulo a1_1 on a1_1.id=a1_0.articulos_id left join categoria c1_0 on c1_0.id=a1_1.categoria_id where a1_0.almacen_id=?
]]></system-out>
    <system-err><![CDATA[Mockito is currently self-attaching to enable the inline-mock-maker. This will no longer work in future releases of the JDK. Please add Mockito as an agent to your build what is described in Mockito's documentation: https://javadoc.io/doc/org.mockito/mockito-core/latest/org/mockito/Mockito.html#0.3
WARNING: A Java agent has been loaded dynamically (C:\Users\VIKO\.m2\repository\net\bytebuddy\byte-buddy-agent\1.15.11\byte-buddy-agent-1.15.11.jar)
WARNING: If a serviceability tool is in use, please run with -XX:+EnableDynamicAgentLoading to hide this warning
WARNING: If a serviceability tool is not in use, please run with -Djdk.instrument.traceUsage for more information
WARNING: Dynamic loading of agents will be disallowed by default in a future release
]]></system-err>
  </testcase>
</testsuite>